0 info it worked if it ends with ok
1 verbose cli [ '/usr/bin/node', '/usr/sbin/npm', 'run', 'debug' ]
2 info using npm@4.0.3
3 info using node@v7.2.0
4 verbose run-script [ 'predebug', 'debug', 'postdebug' ]
5 info lifecycle inferno-typescript-template@1.0.0~predebug: inferno-typescript-template@1.0.0
6 silly lifecycle inferno-typescript-template@1.0.0~predebug: no script for predebug, continuing
7 info lifecycle inferno-typescript-template@1.0.0~debug: inferno-typescript-template@1.0.0
8 verbose lifecycle inferno-typescript-template@1.0.0~debug: unsafe-perm in lifecycle true
9 verbose lifecycle inferno-typescript-template@1.0.0~debug: PATH: /usr/lib/node_modules/npm/bin/node-gyp-bin:/home/dax/dev/ironbay/jarvis-links/node_modules/.bin:/usr/local/sbin:/usr/local/bin:/usr/sbin:/usr/bin:/sbin:/bin:/usr/games:/usr/local/games:/usr/local/go/bin:/usr/lib/jvm/java-7-oracle/bin:/usr/lib/jvm/java-7-oracle/db/bin:/usr/lib/jvm/java-7-oracle/jre/bin:/usr/local/go/bin:/opt/go/bin:/home/dharun/dev/go/bin:/opt/bin:/opt/node:/usr/local/go/bin:/usr/lib/jvm/java-7-oracle/bin:/usr/lib/jvm/java-7-oracle/db/bin:/usr/lib/jvm/java-7-oracle/jre/bin:/usr/local/go/bin:/opt/go/bin:/home/dharun/dev/go/bin:/opt/bin:/opt/node:/opt/go/bin:/home/dax/dev/go/bin:/opt/bin:/opt/node:/home/dax/.boot2docker/:/home/dax/dev/script:/home/dax/.npm/bin
10 verbose lifecycle inferno-typescript-template@1.0.0~debug: CWD: /home/dax/dev/ironbay/jarvis-links
11 silly lifecycle inferno-typescript-template@1.0.0~debug: Args: [ '-c',
11 silly lifecycle   'webpack-dev-server --config=./webpack/dev.config.js --hot' ]
12 silly lifecycle inferno-typescript-template@1.0.0~debug: Returned: code: 1  signal: null
13 info lifecycle inferno-typescript-template@1.0.0~debug: Failed to exec debug script
14 verbose stack Error: inferno-typescript-template@1.0.0 debug: `webpack-dev-server --config=./webpack/dev.config.js --hot`
14 verbose stack Exit status 1
14 verbose stack     at EventEmitter.<anonymous> (/usr/lib/node_modules/npm/lib/utils/lifecycle.js:279:16)
14 verbose stack     at emitTwo (events.js:106:13)
14 verbose stack     at EventEmitter.emit (events.js:191:7)
14 verbose stack     at ChildProcess.<anonymous> (/usr/lib/node_modules/npm/lib/utils/spawn.js:40:14)
14 verbose stack     at emitTwo (events.js:106:13)
14 verbose stack     at ChildProcess.emit (events.js:191:7)
14 verbose stack     at maybeClose (internal/child_process.js:885:16)
14 verbose stack     at Process.ChildProcess._handle.onexit (internal/child_process.js:226:5)
15 verbose pkgid inferno-typescript-template@1.0.0
16 verbose cwd /home/dax/dev/ironbay/jarvis-links
17 error Linux 4.8.11-1-ARCH
18 error argv "/usr/bin/node" "/usr/sbin/npm" "run" "debug"
19 error node v7.2.0
20 error npm  v4.0.3
21 error code ELIFECYCLE
22 error inferno-typescript-template@1.0.0 debug: `webpack-dev-server --config=./webpack/dev.config.js --hot`
22 error Exit status 1
23 error Failed at the inferno-typescript-template@1.0.0 debug script 'webpack-dev-server --config=./webpack/dev.config.js --hot'.
23 error Make sure you have the latest version of node.js and npm installed.
23 error If you do, this is most likely a problem with the inferno-typescript-template package,
23 error not with npm itself.
23 error Tell the author that this fails on your system:
23 error     webpack-dev-server --config=./webpack/dev.config.js --hot
23 error You can get information on how to open an issue for this project with:
23 error     npm bugs inferno-typescript-template
23 error Or if that isn't available, you can get their info via:
23 error     npm owner ls inferno-typescript-template
23 error There is likely additional logging output above.
24 verbose exit [ 1, true ]
